<?xml version="1.0" encoding="UTF-8"?>
<testsuite name="org.example.CalculadoraTest" tests="3" skipped="0" failures="0" errors="0" timestamp="2025-05-15T16:34:50.498Z" hostname="PB0B0945693" time="0.036">
  <properties/>
  <testcase name="dividirErrorXCero()" classname="org.example.CalculadoraTest" time="0.031"/>
  <testcase name="dividirEnterosExitoso()" classname="org.example.CalculadoraTest" time="0.001"/>
  <testcase name="testDividirDecimalesExitoso()" classname="org.example.CalculadoraTest" time="0.002"/>
  <system-out><![CDATA[]]></system-out>
  <system-err><![CDATA[]]></system-err>
</testsuite>
